Copyright 1986-2019 Xilinx, Inc. All Rights Reserved.
-------------------------------------------------------------------------------------------------------------------------------------------------------------------------
| Tool Version     : Vivado v.2019.2 (win64) Build 2708876 Wed Nov  6 21:40:23 MST 2019
| Date             : Sun Sep  3 18:41:18 2023
| Host             : HUX-Y7000P running 64-bit major release  (build 9200)
| Command          : report_power -file openmips_min_sopc_power_routed.rpt -pb openmips_min_sopc_power_summary_routed.pb -rpx openmips_min_sopc_power_routed.rpx
| Design           : openmips_min_sopc
| Device           : xc7a35tcsg324-1
| Design State     : routed
| Grade            : commercial
| Process          : typical
| Characterization : Production
-------------------------------------------------------------------------------------------------------------------------------------------------------------------------

Power Report

Table of Contents
-----------------
1. Summary
1.1 On-Chip Components
1.2 Power Supply Summary
1.3 Confidence Level
2. Settings
2.1 Environment
2.2 Clock Constraints
3. Detailed Reports
3.1 By Hierarchy

1. Summary
----------

+--------------------------+--------------+
| Total On-Chip Power (W)  | 0.942        |
| Design Power Budget (W)  | Unspecified* |
| Power Budget Margin (W)  | NA           |
| Dynamic (W)              | 0.869        |
| Device Static (W)        | 0.074        |
| Effective TJA (C/W)      | 4.8          |
| Max Ambient (C)          | 80.5         |
| Junction Temperature (C) | 29.5         |
| Confidence Level         | Low          |
| Setting File             | ---          |
| Simulation Activity File | ---          |
| Design Nets Matched      | NA           |
+--------------------------+--------------+
* Specify Design Power Budget using, set_operating_conditions -design_power_budget <value in Watts>


1.1 On-Chip Components
----------------------

+----------------+-----------+----------+-----------+-----------------+
| On-Chip        | Power (W) | Used     | Available | Utilization (%) |
+----------------+-----------+----------+-----------+-----------------+
| Slice Logic    |     0.461 |     2308 |       --- |             --- |
|   LUT as Logic |     0.431 |     1139 |     20800 |            5.48 |
|   CARRY4       |     0.013 |       37 |      8150 |            0.45 |
|   Register     |     0.010 |      799 |     41600 |            1.92 |
|   BUFG         |     0.007 |        4 |        32 |           12.50 |
|   F7/F8 Muxes  |    <0.001 |      228 |     32600 |            0.70 |
|   Others       |     0.000 |       16 |       --- |             --- |
| Signals        |     0.404 |     1777 |       --- |             --- |
| I/O            |     0.004 |       18 |       210 |            8.57 |
| Static Power   |     0.074 |          |           |                 |
| Total          |     0.942 |          |           |                 |
+----------------+-----------+----------+-----------+-----------------+


1.2 Power Supply Summary
------------------------

+-----------+-------------+-----------+-------------+------------+
| Source    | Voltage (V) | Total (A) | Dynamic (A) | Static (A) |
+-----------+-------------+-----------+-------------+------------+
| Vccint    |       1.000 |     0.880 |       0.869 |      0.011 |
| Vccaux    |       1.800 |     0.013 |       0.000 |      0.013 |
| Vcco33    |       3.300 |     0.001 |       0.000 |      0.001 |
| Vcco25    |       2.500 |     0.000 |       0.000 |      0.000 |
| Vcco18    |       1.800 |     0.000 |       0.000 |      0.000 |
| Vcco15    |       1.500 |     0.000 |       0.000 |      0.000 |
| Vcco135   |       1.350 |     0.000 |       0.000 |      0.000 |
| Vcco12    |       1.200 |     0.000 |       0.000 |      0.000 |
| Vccaux_io |       1.800 |     0.000 |       0.000 |      0.000 |
| Vccbram   |       1.000 |     0.000 |       0.000 |      0.000 |
| MGTAVcc   |       1.000 |     0.000 |       0.000 |      0.000 |
| MGTAVtt   |       1.200 |     0.000 |       0.000 |      0.000 |
| Vccadc    |       1.800 |     0.020 |       0.000 |      0.020 |
+-----------+-------------+-----------+-------------+------------+


1.3 Confidence Level
--------------------

+-----------------------------+------------+--------------------------------------------------------+--------------------------------------------------------------------------------------------------------------------+
| User Input Data             | Confidence | Details                                                | Action                                                                                                             |
+-----------------------------+------------+--------------------------------------------------------+--------------------------------------------------------------------------------------------------------------------+
| Design implementation state | High       | Design is routed                                       |                                                                                                                    |
| Clock nodes activity        | Low        | User specified less than 75% of clocks                 | Provide missing clock activity with a constraint file, simulation results or by editing the "By Clock Domain" view |
| I/O nodes activity          | Low        | More than 75% of inputs are missing user specification | Provide missing input activity with simulation results or by editing the "By Resource Type -> I/Os" view           |
| Internal nodes activity     | Medium     | User specified less than 25% of internal nodes         | Provide missing internal nodes activity with simulation results or by editing the "By Resource Type" views         |
| Device models               | High       | Device models are Production                           |                                                                                                                    |
|                             |            |                                                        |                                                                                                                    |
| Overall confidence level    | Low        |                                                        |                                                                                                                    |
+-----------------------------+------------+--------------------------------------------------------+--------------------------------------------------------------------------------------------------------------------+


2. Settings
-----------

2.1 Environment
---------------

+-----------------------+--------------------------+
| Ambient Temp (C)      | 25.0                     |
| ThetaJA (C/W)         | 4.8                      |
| Airflow (LFM)         | 250                      |
| Heat Sink             | medium (Medium Profile)  |
| ThetaSA (C/W)         | 4.6                      |
| Board Selection       | medium (10"x10")         |
| # of Board Layers     | 12to15 (12 to 15 Layers) |
| Board Temperature (C) | 25.0                     |
+-----------------------+--------------------------+


2.2 Clock Constraints
---------------------

+-------+--------+-----------------+
| Clock | Domain | Constraint (ns) |
+-------+--------+-----------------+


3. Detailed Reports
-------------------

3.1 By Hierarchy
----------------

+-----------------------------------+-----------+
| Name                              | Power (W) |
+-----------------------------------+-----------+
| openmips_min_sopc                 |     0.869 |
|   inst_rom0                       |     0.088 |
|     U0                            |     0.088 |
|       synth_options.dist_mem_inst |     0.088 |
|   openmips0                       |     0.589 |
|     ex0                           |     0.012 |
|     ex_mem0                       |     0.001 |
|     id_ex0                        |     0.051 |
|     if_id0                        |     0.417 |
|     mem_wb0                       |     0.036 |
|     pc_reg0                       |     0.053 |
|     regfile0                      |     0.017 |
|   seg_cnt0                        |     0.120 |
+-----------------------------------+-----------+


